This file contains any messages produced by compilers while
running configure, to aid debugging if configure makes a mistake.

It was created by jq configure 1.5, which was
generated by GNU Autoconf 2.69.  Invocation command line was

  $ ./configure --disable-maintainer-mode

## --------- ##
## Platform. ##
## --------- ##

hostname = fda9797ba171
uname -m = x86_64
uname -r = 5.11.0-41-generic
uname -s = Linux
uname -v = #45~20.04.1-Ubuntu SMP Wed Nov 10 10:20:10 UTC 2021

/usr/bin/uname -p = unknown
/bin/uname -X     = unknown

/bin/arch              = unknown
/usr/bin/arch -k       = unknown
/usr/convex/getsysinfo = unknown
/usr/bin/hostinfo      = unknown
/bin/machine           = unknown
/usr/bin/oslevel       = unknown
/bin/universe          = unknown

PATH: /usr/local/sbin
PATH: /usr/local/bin
PATH: /usr/sbin
PATH: /usr/bin
PATH: /sbin
PATH: /bin


## ----------- ##
## Core tests. ##
## ----------- ##

configure:2581: checking for a BSD-compatible install
configure:2649: result: /usr/bin/install -c
configure:2660: checking whether build environment is sane
configure:2715: result: yes
configure:2866: checking for a thread-safe mkdir -p
configure:2905: result: /bin/mkdir -p
configure:2912: checking for gawk
configure:2942: result: no
configure:2912: checking for mawk
configure:2928: found /usr/bin/mawk
configure:2939: result: mawk
configure:2950: checking whether make sets $(MAKE)
configure:2972: result: yes
configure:3001: checking whether make supports nested variables
configure:3018: result: yes
configure:3154: checking whether make supports nested variables
configure:3171: result: yes
configure:3194: checking for style of include used by make
configure:3222: result: GNU
configure:3293: checking for gcc
configure:3320: result: afl-gcc
configure:3549: checking for C compiler version
configure:3558: afl-gcc --version >&5
gcc (Ubuntu 5.4.0-6ubuntu1~16.04.11) 5.4.0 20160609
Copyright (C) 2015 Free Software Foundation, Inc.
This is free software; see the source for copying conditions.  There is NO
warranty; not even for MERCHANTABILITY or FITNESS FOR A PARTICULAR PURPOSE.

configure:3569: $? = 0
configure:3558: afl-gcc -v >&5
Using built-in specs.
COLLECT_GCC=gcc
COLLECT_LTO_WRAPPER=/usr/lib/gcc/x86_64-linux-gnu/5/lto-wrapper
Target: x86_64-linux-gnu
Configured with: ../src/configure -v --with-pkgversion='Ubuntu 5.4.0-6ubuntu1~16.04.11' --with-bugurl=file:///usr/share/doc/gcc-5/README.Bugs --enable-languages=c,ada,c++,java,go,d,fortran,objc,obj-c++ --prefix=/usr --program-suffix=-5 --enable-shared --enable-linker-build-id --libexecdir=/usr/lib --without-included-gettext --enable-threads=posix --libdir=/usr/lib --enable-nls --with-sysroot=/ --enable-clocale=gnu --enable-libstdcxx-debug --enable-libstdcxx-time=yes --with-default-libstdcxx-abi=new --enable-gnu-unique-object --disable-vtable-verify --enable-libmpx --enable-plugin --with-system-zlib --disable-browser-plugin --enable-java-awt=gtk --enable-gtk-cairo --with-java-home=/usr/lib/jvm/java-1.5.0-gcj-5-amd64/jre --enable-java-home --with-jvm-root-dir=/usr/lib/jvm/java-1.5.0-gcj-5-amd64 --with-jvm-jar-dir=/usr/lib/jvm-exports/java-1.5.0-gcj-5-amd64 --with-arch-directory=amd64 --with-ecj-jar=/usr/share/java/eclipse-ecj.jar --enable-objc-gc --enable-multiarch --disable-werror --with-arch-32=i686 --with-abi=m64 --with-multilib-list=m32,m64,mx32 --enable-multilib --with-tune=generic --enable-checking=release --build=x86_64-linux-gnu --host=x86_64-linux-gnu --target=x86_64-linux-gnu
Thread model: posix
gcc version 5.4.0 20160609 (Ubuntu 5.4.0-6ubuntu1~16.04.11) 
configure:3569: $? = 0
configure:3558: afl-gcc -V >&5
gcc: error: unrecognized command line option '-V'
gcc: fatal error: no input files
compilation terminated.
configure:3569: $? = 1
configure:3558: afl-gcc -qversion >&5
gcc: error: unrecognized command line option '-qversion'
gcc: fatal error: no input files
compilation terminated.
configure:3569: $? = 1
configure:3589: checking whether the C compiler works
configure:3611: afl-gcc    conftest.c  >&5
configure:3615: $? = 0
configure:3663: result: yes
configure:3666: checking for C compiler default output file name
configure:3668: result: a.out
configure:3674: checking for suffix of executables
configure:3681: afl-gcc -o conftest    conftest.c  >&5
configure:3685: $? = 0
configure:3707: result: 
configure:3729: checking whether we are cross compiling
configure:3737: afl-gcc -o conftest    conftest.c  >&5
configure:3741: $? = 0
configure:3748: ./conftest
configure:3752: $? = 0
configure:3767: result: no
configure:3772: checking for suffix of object files
configure:3794: afl-gcc -c   conftest.c >&5
configure:3798: $? = 0
configure:3819: result: o
configure:3823: checking whether we are using the GNU C compiler
configure:3842: afl-gcc -c   conftest.c >&5
configure:3842: $? = 0
configure:3851: result: yes
configure:3860: checking whether afl-gcc accepts -g
configure:3880: afl-gcc -c -g  conftest.c >&5
configure:3880: $? = 0
configure:3921: result: yes
configure:3938: checking for afl-gcc option to accept ISO C89
configure:4001: afl-gcc  -c -g -O2  conftest.c >&5
configure:4001: $? = 0
configure:4014: result: none needed
configure:4039: checking whether afl-gcc understands -c and -o together
configure:4061: afl-gcc -c conftest.c -o conftest2.o
configure:4064: $? = 0
configure:4061: afl-gcc -c conftest.c -o conftest2.o
configure:4064: $? = 0
configure:4076: result: yes
configure:4095: checking dependency style of afl-gcc
configure:4206: result: gcc3
configure:4271: checking for ar
configure:4287: found /usr/bin/ar
configure:4298: result: ar
configure:4324: checking the archiver (ar) interface
configure:4340: afl-gcc -c -g -O2  conftest.c >&5
configure:4340: $? = 0
configure:4342: ar cru libconftest.a conftest.o >&5
ar: `u' modifier ignored since `D' is the default (see `U')
configure:4345: $? = 0
configure:4373: result: ar
configure:4394: checking whether to enable maintainer-specific portions of Makefiles
configure:4403: result: no
configure:4464: checking for gcc
configure:4491: result: afl-gcc
configure:4720: checking for C compiler version
configure:4729: afl-gcc --version >&5
gcc (Ubuntu 5.4.0-6ubuntu1~16.04.11) 5.4.0 20160609
Copyright (C) 2015 Free Software Foundation, Inc.
This is free software; see the source for copying conditions.  There is NO
warranty; not even for MERCHANTABILITY or FITNESS FOR A PARTICULAR PURPOSE.

configure:4740: $? = 0
configure:4729: afl-gcc -v >&5
Using built-in specs.
COLLECT_GCC=gcc
COLLECT_LTO_WRAPPER=/usr/lib/gcc/x86_64-linux-gnu/5/lto-wrapper
Target: x86_64-linux-gnu
Configured with: ../src/configure -v --with-pkgversion='Ubuntu 5.4.0-6ubuntu1~16.04.11' --with-bugurl=file:///usr/share/doc/gcc-5/README.Bugs --enable-languages=c,ada,c++,java,go,d,fortran,objc,obj-c++ --prefix=/usr --program-suffix=-5 --enable-shared --enable-linker-build-id --libexecdir=/usr/lib --without-included-gettext --enable-threads=posix --libdir=/usr/lib --enable-nls --with-sysroot=/ --enable-clocale=gnu --enable-libstdcxx-debug --enable-libstdcxx-time=yes --with-default-libstdcxx-abi=new --enable-gnu-unique-object --disable-vtable-verify --enable-libmpx --enable-plugin --with-system-zlib --disable-browser-plugin --enable-java-awt=gtk --enable-gtk-cairo --with-java-home=/usr/lib/jvm/java-1.5.0-gcj-5-amd64/jre --enable-java-home --with-jvm-root-dir=/usr/lib/jvm/java-1.5.0-gcj-5-amd64 --with-jvm-jar-dir=/usr/lib/jvm-exports/java-1.5.0-gcj-5-amd64 --with-arch-directory=amd64 --with-ecj-jar=/usr/share/java/eclipse-ecj.jar --enable-objc-gc --enable-multiarch --disable-werror --with-arch-32=i686 --with-abi=m64 --with-multilib-list=m32,m64,mx32 --enable-multilib --with-tune=generic --enable-checking=release --build=x86_64-linux-gnu --host=x86_64-linux-gnu --target=x86_64-linux-gnu
Thread model: posix
gcc version 5.4.0 20160609 (Ubuntu 5.4.0-6ubuntu1~16.04.11) 
configure:4740: $? = 0
configure:4729: afl-gcc -V >&5
gcc: error: unrecognized command line option '-V'
gcc: fatal error: no input files
compilation terminated.
configure:4740: $? = 1
configure:4729: afl-gcc -qversion >&5
gcc: error: unrecognized command line option '-qversion'
gcc: fatal error: no input files
compilation terminated.
configure:4740: $? = 1
configure:4744: checking whether we are using the GNU C compiler
configure:4772: result: yes
configure:4781: checking whether afl-gcc accepts -g
configure:4842: result: yes
configure:4859: checking for afl-gcc option to accept ISO C89
configure:4935: result: none needed
configure:4960: checking whether afl-gcc understands -c and -o together
configure:4997: result: yes
configure:5016: checking dependency style of afl-gcc
configure:5127: result: gcc3
configure:5146: checking for afl-gcc option to accept ISO C99
configure:5295: afl-gcc  -c -g -O2  conftest.c >&5
configure:5295: $? = 0
configure:5308: result: none needed
configure:5416: checking for afl-gcc option to accept ISO Standard C
configure:5427: result: none needed
configure:5439: checking how to run the C preprocessor
configure:5470: afl-gcc -E  conftest.c
configure:5470: $? = 0
configure:5484: afl-gcc -E  conftest.c
conftest.c:11:28: fatal error: ac_nonexistent.h: No such file or directory
compilation terminated.
configure:5484: $? = 1
configure: failed program was:
| /* confdefs.h */
| #define PACKAGE_NAME "jq"
| #define PACKAGE_TARNAME "jq"
| #define PACKAGE_VERSION "1.5"
| #define PACKAGE_STRING "jq 1.5"
| #define PACKAGE_BUGREPORT "https://github.com/stedolan/jq/issues"
| #define PACKAGE_URL "https://stedolan.github.io/jq"
| #define PACKAGE "jq"
| #define VERSION "1.5"
| /* end confdefs.h.  */
| #include <ac_nonexistent.h>
configure:5509: result: afl-gcc -E
configure:5529: afl-gcc -E  conftest.c
configure:5529: $? = 0
configure:5543: afl-gcc -E  conftest.c
conftest.c:11:28: fatal error: ac_nonexistent.h: No such file or directory
compilation terminated.
configure:5543: $? = 1
configure: failed program was:
| /* confdefs.h */
| #define PACKAGE_NAME "jq"
| #define PACKAGE_TARNAME "jq"
| #define PACKAGE_VERSION "1.5"
| #define PACKAGE_STRING "jq 1.5"
| #define PACKAGE_BUGREPORT "https://github.com/stedolan/jq/issues"
| #define PACKAGE_URL "https://stedolan.github.io/jq"
| #define PACKAGE "jq"
| #define VERSION "1.5"
| /* end confdefs.h.  */
| #include <ac_nonexistent.h>
configure:5576: checking for bison
configure:5592: found /usr/bin/bison
configure:5603: result: bison -y
configure:5646: checking build system type
configure:5660: result: x86_64-unknown-linux-gnu
configure:5680: checking host system type
configure:5693: result: x86_64-unknown-linux-gnu
configure:5734: checking how to print strings
configure:5761: result: printf
configure:5782: checking for a sed that does not truncate output
configure:5846: result: /bin/sed
configure:5864: checking for grep that handles long lines and -e
configure:5922: result: /bin/grep
configure:5927: checking for egrep
configure:5989: result: /bin/grep -E
configure:5994: checking for fgrep
configure:6056: result: /bin/grep -F
configure:6091: checking for ld used by afl-gcc
configure:6158: result: /usr/bin/ld
configure:6165: checking if the linker (/usr/bin/ld) is GNU ld
configure:6180: result: yes
configure:6192: checking for BSD- or MS-compatible name lister (nm)
configure:6241: result: /usr/bin/nm -B
configure:6371: checking the name lister (/usr/bin/nm -B) interface
configure:6378: afl-gcc -c -g -O2  conftest.c >&5
configure:6381: /usr/bin/nm -B "conftest.o"
configure:6384: output
0000000000000000 B some_variable
configure:6391: result: BSD nm
configure:6394: checking whether ln -s works
configure:6398: result: yes
configure:6406: checking the maximum length of command line arguments
configure:6537: result: 1572864
configure:6554: checking whether the shell understands some XSI constructs
configure:6564: result: yes
configure:6568: checking whether the shell understands "+="
configure:6574: result: yes
configure:6609: checking how to convert x86_64-unknown-linux-gnu file names to x86_64-unknown-linux-gnu format
configure:6649: result: func_convert_file_noop
configure:6656: checking how to convert x86_64-unknown-linux-gnu file names to toolchain format
configure:6676: result: func_convert_file_noop
configure:6683: checking for /usr/bin/ld option to reload object files
configure:6690: result: -r
configure:6764: checking for objdump
configure:6780: found /usr/bin/objdump
configure:6791: result: objdump
configure:6820: checking how to recognize dependent libraries
configure:7018: result: pass_all
configure:7103: checking for dlltool
configure:7133: result: no
configure:7160: checking how to associate runtime and link libraries
configure:7187: result: printf %s\n
configure:7311: checking for archiver @FILE support
configure:7328: afl-gcc -c -g -O2  conftest.c >&5
configure:7328: $? = 0
configure:7331: ar cru libconftest.a @conftest.lst >&5
ar: `u' modifier ignored since `D' is the default (see `U')
configure:7334: $? = 0
configure:7339: ar cru libconftest.a @conftest.lst >&5
ar: `u' modifier ignored since `D' is the default (see `U')
ar: conftest.o: No such file or directory
configure:7342: $? = 1
configure:7354: result: @
configure:7412: checking for strip
configure:7428: found /usr/bin/strip
configure:7439: result: strip
configure:7511: checking for ranlib
configure:7527: found /usr/bin/ranlib
configure:7538: result: ranlib
configure:7640: checking command to parse /usr/bin/nm -B output from afl-gcc object
configure:7760: afl-gcc -c -g -O2  conftest.c >&5
configure:7763: $? = 0
configure:7767: /usr/bin/nm -B conftest.o \| sed -n -e 's/^.*[ ]\([ABCDGIRSTW][ABCDGIRSTW]*\)[ ][ ]*\([_A-Za-z][_A-Za-z0-9]*\)$/\1 \2 \2/p' | sed '/ __gnu_lto/d' \> conftest.nm
configure:7770: $? = 0
configure:7836: afl-gcc -o conftest -g -O2   conftest.c conftstm.o >&5
configure:7839: $? = 0
configure:7877: result: ok
configure:7914: checking for sysroot
configure:7944: result: no
configure:8021: afl-gcc -c -g -O2  conftest.c >&5
configure:8024: $? = 0
configure:8213: checking for mt
configure:8243: result: no
configure:8263: checking if : is a manifest tool
configure:8269: : '-?'
configure:8277: result: no
configure:8915: checking for ANSI C header files
configure:8935: afl-gcc -c -g -O2  conftest.c >&5
configure:8935: $? = 0
configure:9008: afl-gcc -o conftest -g -O2   conftest.c  >&5
configure:9008: $? = 0
configure:9008: ./conftest
configure:9008: $? = 0
configure:9019: result: yes
configure:9032: checking for sys/types.h
configure:9032: afl-gcc -c -g -O2  conftest.c >&5
configure:9032: $? = 0
configure:9032: result: yes
configure:9032: checking for sys/stat.h
configure:9032: afl-gcc -c -g -O2  conftest.c >&5
configure:9032: $? = 0
configure:9032: result: yes
configure:9032: checking for stdlib.h
configure:9032: afl-gcc -c -g -O2  conftest.c >&5
configure:9032: $? = 0
configure:9032: result: yes
configure:9032: checking for string.h
configure:9032: afl-gcc -c -g -O2  conftest.c >&5
configure:9032: $? = 0
configure:9032: result: yes
configure:9032: checking for memory.h
configure:9032: afl-gcc -c -g -O2  conftest.c >&5
configure:9032: $? = 0
configure:9032: result: yes
configure:9032: checking for strings.h
configure:9032: afl-gcc -c -g -O2  conftest.c >&5
configure:9032: $? = 0
configure:9032: result: yes
configure:9032: checking for inttypes.h
configure:9032: afl-gcc -c -g -O2  conftest.c >&5
configure:9032: $? = 0
configure:9032: result: yes
configure:9032: checking for stdint.h
configure:9032: afl-gcc -c -g -O2  conftest.c >&5
configure:9032: $? = 0
configure:9032: result: yes
configure:9032: checking for unistd.h
configure:9032: afl-gcc -c -g -O2  conftest.c >&5
configure:9032: $? = 0
configure:9032: result: yes
configure:9046: checking for dlfcn.h
configure:9046: afl-gcc -c -g -O2  conftest.c >&5
configure:9046: $? = 0
configure:9046: result: yes
configure:9548: checking for objdir
configure:9563: result: .libs
configure:9834: checking if afl-gcc supports -fno-rtti -fno-exceptions
configure:9852: afl-gcc -c -g -O2  -fno-rtti -fno-exceptions conftest.c >&5
cc1: warning: command line option '-fno-rtti' is valid for C++/ObjC++ but not for C
configure:9856: $? = 0
configure:9869: result: no
configure:10196: checking for afl-gcc option to produce PIC
configure:10203: result: -fPIC -DPIC
configure:10211: checking if afl-gcc PIC flag -fPIC -DPIC works
configure:10229: afl-gcc -c -g -O2  -fPIC -DPIC -DPIC conftest.c >&5
configure:10233: $? = 0
configure:10246: result: yes
configure:10275: checking if afl-gcc static flag -static works
configure:10303: result: yes
configure:10318: checking if afl-gcc supports -c -o file.o
configure:10339: afl-gcc -c -g -O2  -o out/conftest2.o conftest.c >&5
configure:10343: $? = 0
configure:10365: result: yes
configure:10373: checking if afl-gcc supports -c -o file.o
configure:10420: result: yes
configure:10453: checking whether the afl-gcc linker (/usr/bin/ld -m elf_x86_64) supports shared libraries
configure:11610: result: yes
configure:11647: checking whether -lc should be explicitly linked in
configure:11655: afl-gcc -c -g -O2  conftest.c >&5
configure:11658: $? = 0
configure:11673: afl-gcc -shared  -fPIC -DPIC conftest.o  -v -Wl,-soname -Wl,conftest -o conftest 2\>\&1 \| /bin/grep  -lc  \>/dev/null 2\>\&1
configure:11676: $? = 0
configure:11690: result: no
configure:11850: checking dynamic linker characteristics
configure:12350: afl-gcc -o conftest -g -O2   -Wl,-rpath -Wl,/foo conftest.c  >&5
configure:12350: $? = 0
configure:12584: result: GNU/Linux ld.so
configure:12691: checking how to hardcode library paths into programs
configure:12716: result: immediate
configure:13256: checking whether stripping libraries is possible
configure:13261: result: yes
configure:13296: checking if libtool supports shared libraries
configure:13298: result: yes
configure:13301: checking whether to build shared libraries
configure:13322: result: yes
configure:13325: checking whether to build static libraries
configure:13329: result: yes
configure:13638: checking oniguruma.h usability
configure:13638: afl-gcc -c -g -O2  conftest.c >&5
conftest.c:56:23: fatal error: oniguruma.h: No such file or directory
compilation terminated.
configure:13638: $? = 1
configure: failed program was:
| /* confdefs.h */
| #define PACKAGE_NAME "jq"
| #define PACKAGE_TARNAME "jq"
| #define PACKAGE_VERSION "1.5"
| #define PACKAGE_STRING "jq 1.5"
| #define PACKAGE_BUGREPORT "https://github.com/stedolan/jq/issues"
| #define PACKAGE_URL "https://stedolan.github.io/jq"
| #define PACKAGE "jq"
| #define VERSION "1.5"
| #define STDC_HEADERS 1
| #define HAVE_SYS_TYPES_H 1
| #define HAVE_SYS_STAT_H 1
| #define HAVE_STDLIB_H 1
| #define HAVE_STRING_H 1
| #define HAVE_MEMORY_H 1
| #define HAVE_STRINGS_H 1
| #define HAVE_INTTYPES_H 1
| #define HAVE_STDINT_H 1
| #define HAVE_UNISTD_H 1
| #define HAVE_DLFCN_H 1
| #define LT_OBJDIR ".libs/"
| /* end confdefs.h.  */
| #include <stdio.h>
| #ifdef HAVE_SYS_TYPES_H
| # include <sys/types.h>
| #endif
| #ifdef HAVE_SYS_STAT_H
| # include <sys/stat.h>
| #endif
| #ifdef STDC_HEADERS
| # include <stdlib.h>
| # include <stddef.h>
| #else
| # ifdef HAVE_STDLIB_H
| #  include <stdlib.h>
| # endif
| #endif
| #ifdef HAVE_STRING_H
| # if !defined STDC_HEADERS && defined HAVE_MEMORY_H
| #  include <memory.h>
| # endif
| # include <string.h>
| #endif
| #ifdef HAVE_STRINGS_H
| # include <strings.h>
| #endif
| #ifdef HAVE_INTTYPES_H
| # include <inttypes.h>
| #endif
| #ifdef HAVE_STDINT_H
| # include <stdint.h>
| #endif
| #ifdef HAVE_UNISTD_H
| # include <unistd.h>
| #endif
| #include <oniguruma.h>
configure:13638: result: no
configure:13638: checking oniguruma.h presence
configure:13638: afl-gcc -E  conftest.c
conftest.c:23:23: fatal error: oniguruma.h: No such file or directory
compilation terminated.
configure:13638: $? = 1
configure: failed program was:
| /* confdefs.h */
| #define PACKAGE_NAME "jq"
| #define PACKAGE_TARNAME "jq"
| #define PACKAGE_VERSION "1.5"
| #define PACKAGE_STRING "jq 1.5"
| #define PACKAGE_BUGREPORT "https://github.com/stedolan/jq/issues"
| #define PACKAGE_URL "https://stedolan.github.io/jq"
| #define PACKAGE "jq"
| #define VERSION "1.5"
| #define STDC_HEADERS 1
| #define HAVE_SYS_TYPES_H 1
| #define HAVE_SYS_STAT_H 1
| #define HAVE_STDLIB_H 1
| #define HAVE_STRING_H 1
| #define HAVE_MEMORY_H 1
| #define HAVE_STRINGS_H 1
| #define HAVE_INTTYPES_H 1
| #define HAVE_STDINT_H 1
| #define HAVE_UNISTD_H 1
| #define HAVE_DLFCN_H 1
| #define LT_OBJDIR ".libs/"
| /* end confdefs.h.  */
| #include <oniguruma.h>
configure:13638: result: no
configure:13638: checking for oniguruma.h
configure:13638: result: no
configure:13686: Oniguruma was not found.
configure:13688:  Try setting the location using '--with-oniguruma=PREFIX' 
configure:13701: checking for valgrind
configure:13731: result: no
configure:13740: WARNING: valgrind is required to test jq.
configure:13745: checking for memmem
configure:13745: afl-gcc -o conftest -g -O2   conftest.c  >&5
configure:13745: $? = 0
configure:13745: result: yes
configure:13756: checking for mkstemp
configure:13756: afl-gcc -o conftest -g -O2   conftest.c  >&5
configure:13756: $? = 0
configure:13756: result: yes
configure:13803: checking for bundle
configure:13833: result: no
configure:13842: checking for Ruby dependencies
configure:13851: WARNING: 
configure:13865: result: no
configure:13915: checking for size_t
configure:13915: afl-gcc -c -g -O2  conftest.c >&5
configure:13915: $? = 0
configure:13915: afl-gcc -c -g -O2  conftest.c >&5
conftest.c: In function 'main':
conftest.c:61:21: error: expected expression before ')' token
 if (sizeof ((size_t)))
                     ^
configure:13915: $? = 1
configure: failed program was:
| /* confdefs.h */
| #define PACKAGE_NAME "jq"
| #define PACKAGE_TARNAME "jq"
| #define PACKAGE_VERSION "1.5"
| #define PACKAGE_STRING "jq 1.5"
| #define PACKAGE_BUGREPORT "https://github.com/stedolan/jq/issues"
| #define PACKAGE_URL "https://stedolan.github.io/jq"
| #define PACKAGE "jq"
| #define VERSION "1.5"
| #define STDC_HEADERS 1
| #define HAVE_SYS_TYPES_H 1
| #define HAVE_SYS_STAT_H 1
| #define HAVE_STDLIB_H 1
| #define HAVE_STRING_H 1
| #define HAVE_MEMORY_H 1
| #define HAVE_STRINGS_H 1
| #define HAVE_INTTYPES_H 1
| #define HAVE_STDINT_H 1
| #define HAVE_UNISTD_H 1
| #define HAVE_DLFCN_H 1
| #define LT_OBJDIR ".libs/"
| #define HAVE_MEMMEM 1
| #define HAVE_MKSTEMP 1
| /* end confdefs.h.  */
| #include <stdio.h>
| #ifdef HAVE_SYS_TYPES_H
| # include <sys/types.h>
| #endif
| #ifdef HAVE_SYS_STAT_H
| # include <sys/stat.h>
| #endif
| #ifdef STDC_HEADERS
| # include <stdlib.h>
| # include <stddef.h>
| #else
| # ifdef HAVE_STDLIB_H
| #  include <stdlib.h>
| # endif
| #endif
| #ifdef HAVE_STRING_H
| # if !defined STDC_HEADERS && defined HAVE_MEMORY_H
| #  include <memory.h>
| # endif
| # include <string.h>
| #endif
| #ifdef HAVE_STRINGS_H
| # include <strings.h>
| #endif
| #ifdef HAVE_INTTYPES_H
| # include <inttypes.h>
| #endif
| #ifdef HAVE_STDINT_H
| # include <stdint.h>
| #endif
| #ifdef HAVE_UNISTD_H
| # include <unistd.h>
| #endif
| int
| main ()
| {
| if (sizeof ((size_t)))
| 	    return 0;
|   ;
|   return 0;
| }
configure:13915: result: yes
configure:13928: checking for working alloca.h
configure:13945: afl-gcc -o conftest -g -O2   conftest.c  >&5
configure:13945: $? = 0
configure:13953: result: yes
configure:13961: checking for alloca
configure:13998: afl-gcc -o conftest -g -O2   conftest.c  >&5
configure:13998: $? = 0
configure:14006: result: yes
configure:14117: checking for isatty
configure:14145: afl-gcc -o conftest -g -O2   conftest.c     >&5
configure:14145: $? = 0
configure:14186: result: yes
configure:14220: checking for _isatty
configure:14248: afl-gcc -o conftest -g -O2   conftest.c     >&5
conftest.c:28:16: fatal error: io.h: No such file or directory
compilation terminated.
configure:14248: $? = 1
configure: failed program was:
| /* confdefs.h */
| #define PACKAGE_NAME "jq"
| #define PACKAGE_TARNAME "jq"
| #define PACKAGE_VERSION "1.5"
| #define PACKAGE_STRING "jq 1.5"
| #define PACKAGE_BUGREPORT "https://github.com/stedolan/jq/issues"
| #define PACKAGE_URL "https://stedolan.github.io/jq"
| #define PACKAGE "jq"
| #define VERSION "1.5"
| #define STDC_HEADERS 1
| #define HAVE_SYS_TYPES_H 1
| #define HAVE_SYS_STAT_H 1
| #define HAVE_STDLIB_H 1
| #define HAVE_STRING_H 1
| #define HAVE_MEMORY_H 1
| #define HAVE_STRINGS_H 1
| #define HAVE_INTTYPES_H 1
| #define HAVE_STDINT_H 1
| #define HAVE_UNISTD_H 1
| #define HAVE_DLFCN_H 1
| #define LT_OBJDIR ".libs/"
| #define HAVE_MEMMEM 1
| #define HAVE_MKSTEMP 1
| #define HAVE_ALLOCA_H 1
| #define HAVE_ALLOCA 1
| #define HAVE_ISATTY 1
| /* end confdefs.h.  */
| #include <io.h>
| int
| main ()
| {
| _isatty(0)
|   ;
|   return 0;
| }
configure:14248: afl-gcc -o conftest -g -O2   conftest.c  -lc   >&5
conftest.c:28:16: fatal error: io.h: No such file or directory
compilation terminated.
configure:14248: $? = 1
configure: failed program was:
| /* confdefs.h */
| #define PACKAGE_NAME "jq"
| #define PACKAGE_TARNAME "jq"
| #define PACKAGE_VERSION "1.5"
| #define PACKAGE_STRING "jq 1.5"
| #define PACKAGE_BUGREPORT "https://github.com/stedolan/jq/issues"
| #define PACKAGE_URL "https://stedolan.github.io/jq"
| #define PACKAGE "jq"
| #define VERSION "1.5"
| #define STDC_HEADERS 1
| #define HAVE_SYS_TYPES_H 1
| #define HAVE_SYS_STAT_H 1
| #define HAVE_STDLIB_H 1
| #define HAVE_STRING_H 1
| #define HAVE_MEMORY_H 1
| #define HAVE_STRINGS_H 1
| #define HAVE_INTTYPES_H 1
| #define HAVE_STDINT_H 1
| #define HAVE_UNISTD_H 1
| #define HAVE_DLFCN_H 1
| #define LT_OBJDIR ".libs/"
| #define HAVE_MEMMEM 1
| #define HAVE_MKSTEMP 1
| #define HAVE_ALLOCA_H 1
| #define HAVE_ALLOCA 1
| #define HAVE_ISATTY 1
| /* end confdefs.h.  */
| #include <io.h>
| int
| main ()
| {
| _isatty(0)
|   ;
|   return 0;
| }
configure:14295: result: no
configure:14323: checking for strptime
configure:14351: afl-gcc -o conftest -g -O2   conftest.c     >&5
conftest.c: In function 'main':
conftest.c:32:1: warning: implicit declaration of function 'strptime' [-Wimplicit-function-declaration]
 strptime(0, 0, 0)
 ^
configure:14351: $? = 0
configure:14392: result: yes
configure:14426: checking for strftime
configure:14454: afl-gcc -o conftest -g -O2   conftest.c     >&5
conftest.c: In function 'main':
conftest.c:33:1: warning: null argument where non-null required (argument 3) [-Wnonnull]
 strftime(0, 0, 0, 0)
 ^
conftest.c:33:1: warning: too many arguments for format [-Wformat-extra-args]
configure:14454: $? = 0
configure:14495: result: yes
configure:14529: checking for timegm
configure:14557: afl-gcc -o conftest -g -O2   conftest.c     >&5
configure:14557: $? = 0
configure:14598: result: yes
configure:14632: checking for gmtime_r
configure:14660: afl-gcc -o conftest -g -O2   conftest.c     >&5
configure:14660: $? = 0
configure:14701: result: yes
configure:14735: checking for gmtime
configure:14763: afl-gcc -o conftest -g -O2   conftest.c     >&5
configure:14763: $? = 0
configure:14804: result: yes
configure:14838: checking for gettimeofday
configure:14866: afl-gcc -o conftest -g -O2   conftest.c     >&5
conftest.c: In function 'main':
conftest.c:37:1: warning: implicit declaration of function 'gettimeofday' [-Wimplicit-function-declaration]
 gettimeofday(0, 0)
 ^
configure:14866: $? = 0
configure:14907: result: yes
configure:14937: checking for struct tm.tm_gmtoff
configure:14937: afl-gcc -c -g -O2  conftest.c >&5
configure:14937: $? = 0
configure:14937: result: yes
configure:14945: checking for struct tm.__tm_gmtoff
configure:14945: afl-gcc -c -g -O2  conftest.c >&5
conftest.c: In function 'main':
conftest.c:41:12: error: 'struct tm' has no member named '__tm_gmtoff'
 if (ac_aggr.__tm_gmtoff)
            ^
configure:14945: $? = 1
configure: failed program was:
| /* confdefs.h */
| #define PACKAGE_NAME "jq"
| #define PACKAGE_TARNAME "jq"
| #define PACKAGE_VERSION "1.5"
| #define PACKAGE_STRING "jq 1.5"
| #define PACKAGE_BUGREPORT "https://github.com/stedolan/jq/issues"
| #define PACKAGE_URL "https://stedolan.github.io/jq"
| #define PACKAGE "jq"
| #define VERSION "1.5"
| #define STDC_HEADERS 1
| #define HAVE_SYS_TYPES_H 1
| #define HAVE_SYS_STAT_H 1
| #define HAVE_STDLIB_H 1
| #define HAVE_STRING_H 1
| #define HAVE_MEMORY_H 1
| #define HAVE_STRINGS_H 1
| #define HAVE_INTTYPES_H 1
| #define HAVE_STDINT_H 1
| #define HAVE_UNISTD_H 1
| #define HAVE_DLFCN_H 1
| #define LT_OBJDIR ".libs/"
| #define HAVE_MEMMEM 1
| #define HAVE_MKSTEMP 1
| #define HAVE_ALLOCA_H 1
| #define HAVE_ALLOCA 1
| #define HAVE_ISATTY 1
| #define HAVE_STRPTIME 1
| #define HAVE_STRFTIME 1
| #define HAVE_TIMEGM 1
| #define HAVE_GMTIME_R 1
| #define HAVE_GMTIME 1
| #define HAVE_GETTIMEOFDAY 1
| #define HAVE_TM_TM_GMT_OFF 1
| /* end confdefs.h.  */
| #include <time.h>
| 
| int
| main ()
| {
| static struct tm ac_aggr;
| if (ac_aggr.__tm_gmtoff)
| return 0;
|   ;
|   return 0;
| }
configure:14945: afl-gcc -c -g -O2  conftest.c >&5
conftest.c: In function 'main':
conftest.c:41:19: error: 'struct tm' has no member named '__tm_gmtoff'
 if (sizeof ac_aggr.__tm_gmtoff)
                   ^
configure:14945: $? = 1
configure: failed program was:
| /* confdefs.h */
| #define PACKAGE_NAME "jq"
| #define PACKAGE_TARNAME "jq"
| #define PACKAGE_VERSION "1.5"
| #define PACKAGE_STRING "jq 1.5"
| #define PACKAGE_BUGREPORT "https://github.com/stedolan/jq/issues"
| #define PACKAGE_URL "https://stedolan.github.io/jq"
| #define PACKAGE "jq"
| #define VERSION "1.5"
| #define STDC_HEADERS 1
| #define HAVE_SYS_TYPES_H 1
| #define HAVE_SYS_STAT_H 1
| #define HAVE_STDLIB_H 1
| #define HAVE_STRING_H 1
| #define HAVE_MEMORY_H 1
| #define HAVE_STRINGS_H 1
| #define HAVE_INTTYPES_H 1
| #define HAVE_STDINT_H 1
| #define HAVE_UNISTD_H 1
| #define HAVE_DLFCN_H 1
| #define LT_OBJDIR ".libs/"
| #define HAVE_MEMMEM 1
| #define HAVE_MKSTEMP 1
| #define HAVE_ALLOCA_H 1
| #define HAVE_ALLOCA 1
| #define HAVE_ISATTY 1
| #define HAVE_STRPTIME 1
| #define HAVE_STRFTIME 1
| #define HAVE_TIMEGM 1
| #define HAVE_GMTIME_R 1
| #define HAVE_GMTIME 1
| #define HAVE_GETTIMEOFDAY 1
| #define HAVE_TM_TM_GMT_OFF 1
| /* end confdefs.h.  */
| #include <time.h>
| 
| int
| main ()
| {
| static struct tm ac_aggr;
| if (sizeof ac_aggr.__tm_gmtoff)
| return 0;
|   ;
|   return 0;
| }
configure:14945: result: no
configure:15278: checking for acos
configure:15306: afl-gcc -o conftest -g -O2   conftest.c     >&5
configure:15306: $? = 0
configure:15347: result: yes
configure:15378: checking for acosh
configure:15406: afl-gcc -o conftest -g -O2   conftest.c     >&5
/tmp/ccOnnIGX.o: In function `main':
/work/conftest.c:40: undefined reference to `acosh'
collect2: error: ld returned 1 exit status
configure:15406: $? = 1
configure: failed program was:
| /* confdefs.h */
| #define PACKAGE_NAME "jq"
| #define PACKAGE_TARNAME "jq"
| #define PACKAGE_VERSION "1.5"
| #define PACKAGE_STRING "jq 1.5"
| #define PACKAGE_BUGREPORT "https://github.com/stedolan/jq/issues"
| #define PACKAGE_URL "https://stedolan.github.io/jq"
| #define PACKAGE "jq"
| #define VERSION "1.5"
| #define STDC_HEADERS 1
| #define HAVE_SYS_TYPES_H 1
| #define HAVE_SYS_STAT_H 1
| #define HAVE_STDLIB_H 1
| #define HAVE_STRING_H 1
| #define HAVE_MEMORY_H 1
| #define HAVE_STRINGS_H 1
| #define HAVE_INTTYPES_H 1
| #define HAVE_STDINT_H 1
| #define HAVE_UNISTD_H 1
| #define HAVE_DLFCN_H 1
| #define LT_OBJDIR ".libs/"
| #define HAVE_MEMMEM 1
| #define HAVE_MKSTEMP 1
| #define HAVE_ALLOCA_H 1
| #define HAVE_ALLOCA 1
| #define HAVE_ISATTY 1
| #define HAVE_STRPTIME 1
| #define HAVE_STRFTIME 1
| #define HAVE_TIMEGM 1
| #define HAVE_GMTIME_R 1
| #define HAVE_GMTIME 1
| #define HAVE_GETTIMEOFDAY 1
| #define HAVE_TM_TM_GMT_OFF 1
| #define HAVE_ACOS 1
| /* end confdefs.h.  */
| #include <math.h>
| int
| main ()
| {
| acosh(.5)
|   ;
|   return 0;
| }
configure:15406: afl-gcc -o conftest -g -O2   conftest.c  -lm   >&5
configure:15406: $? = 0
configure:15467: result: yes, in -lm
configure:15478: checking for asin
configure:15506: afl-gcc -o conftest -g -O2   conftest.c     >&5
configure:15506: $? = 0
configure:15547: result: yes
configure:15578: checking for asinh
configure:15606: afl-gcc -o conftest -g -O2   conftest.c     >&5
configure:15606: $? = 0
configure:15647: result: yes
configure:15678: checking for atan
configure:15706: afl-gcc -o conftest -g -O2   conftest.c     >&5
configure:15706: $? = 0
configure:15747: result: yes
configure:15778: checking for atanh
configure:15806: afl-gcc -o conftest -g -O2   conftest.c     >&5
configure:15806: $? = 0
configure:15847: result: yes
configure:15878: checking for cbrt
configure:15906: afl-gcc -o conftest -g -O2   conftest.c     >&5
configure:15906: $? = 0
configure:15947: result: yes
configure:15978: checking for cos
configure:16006: afl-gcc -o conftest -g -O2   conftest.c     >&5
configure:16006: $? = 0
configure:16047: result: yes
configure:16078: checking for cosh
configure:16106: afl-gcc -o conftest -g -O2   conftest.c     >&5
configure:16106: $? = 0
configure:16147: result: yes
configure:16178: checking for exp2
configure:16206: afl-gcc -o conftest -g -O2   conftest.c     >&5
configure:16206: $? = 0
configure:16247: result: yes
configure:16278: checking for exp
configure:16306: afl-gcc -o conftest -g -O2   conftest.c     >&5
configure:16306: $? = 0
configure:16347: result: yes
configure:16378: checking for floor
configure:16406: afl-gcc -o conftest -g -O2   conftest.c     >&5
configure:16406: $? = 0
configure:16447: result: yes
configure:16478: checking for j0
configure:16506: afl-gcc -o conftest -g -O2   conftest.c     >&5
configure:16506: $? = 0
configure:16547: result: yes
configure:16578: checking for j1
configure:16606: afl-gcc -o conftest -g -O2   conftest.c     >&5
configure:16606: $? = 0
configure:16647: result: yes
configure:16678: checking for log10
configure:16706: afl-gcc -o conftest -g -O2   conftest.c     >&5
configure:16706: $? = 0
configure:16747: result: yes
configure:16778: checking for log2
configure:16806: afl-gcc -o conftest -g -O2   conftest.c     >&5
configure:16806: $? = 0
configure:16847: result: yes
configure:16878: checking for log
configure:16906: afl-gcc -o conftest -g -O2   conftest.c     >&5
configure:16906: $? = 0
configure:16947: result: yes
configure:16978: checking for sin
configure:17006: afl-gcc -o conftest -g -O2   conftest.c     >&5
configure:17006: $? = 0
configure:17047: result: yes
configure:17078: checking for sinh
configure:17106: afl-gcc -o conftest -g -O2   conftest.c     >&5
configure:17106: $? = 0
configure:17147: result: yes
configure:17178: checking for sqrt
configure:17206: afl-gcc -o conftest -g -O2   conftest.c     >&5
configure:17206: $? = 0
configure:17247: result: yes
configure:17278: checking for tan
configure:17306: afl-gcc -o conftest -g -O2   conftest.c     >&5
configure:17306: $? = 0
configure:17347: result: yes
configure:17378: checking for tanh
configure:17406: afl-gcc -o conftest -g -O2   conftest.c     >&5
configure:17406: $? = 0
configure:17447: result: yes
configure:17478: checking for tgamma
configure:17506: afl-gcc -o conftest -g -O2   conftest.c     >&5
configure:17506: $? = 0
configure:17547: result: yes
configure:17578: checking for y0
configure:17606: afl-gcc -o conftest -g -O2   conftest.c     >&5
configure:17606: $? = 0
configure:17647: result: yes
configure:17678: checking for y1
configure:17706: afl-gcc -o conftest -g -O2   conftest.c     >&5
configure:17706: $? = 0
configure:17747: result: yes
configure:17778: checking for pow
configure:17806: afl-gcc -o conftest -g -O2   conftest.c     >&5
configure:17806: $? = 0
configure:17847: result: yes
configure:17878: checking for atan2
configure:17906: afl-gcc -o conftest -g -O2   conftest.c     >&5
configure:17906: $? = 0
configure:17947: result: yes
configure:17978: checking for hypot
configure:18006: afl-gcc -o conftest -g -O2   conftest.c     >&5
configure:18006: $? = 0
configure:18047: result: yes
configure:18078: checking for remainder
configure:18106: afl-gcc -o conftest -g -O2   conftest.c     >&5
configure:18106: $? = 0
configure:18147: result: yes
configure:18176: checking for thread-local storage
configure:18185: afl-gcc -o conftest -g -O2   conftest.c  >&5
configure:18185: $? = 0
configure:18195: result: yes
configure:18198: checking whether byte ordering is bigendian
configure:18213: afl-gcc -c -g -O2  conftest.c >&5
conftest.c:67:9: error: unknown type name 'not'
         not a universal capable compiler
         ^
conftest.c:67:15: error: expected '=', ',', ';', 'asm' or '__attribute__' before 'universal'
         not a universal capable compiler
               ^
conftest.c:67:15: error: unknown type name 'universal'
configure:18213: $? = 1
configure: failed program was:
| /* confdefs.h */
| #define PACKAGE_NAME "jq"
| #define PACKAGE_TARNAME "jq"
| #define PACKAGE_VERSION "1.5"
| #define PACKAGE_STRING "jq 1.5"
| #define PACKAGE_BUGREPORT "https://github.com/stedolan/jq/issues"
| #define PACKAGE_URL "https://stedolan.github.io/jq"
| #define PACKAGE "jq"
| #define VERSION "1.5"
| #define STDC_HEADERS 1
| #define HAVE_SYS_TYPES_H 1
| #define HAVE_SYS_STAT_H 1
| #define HAVE_STDLIB_H 1
| #define HAVE_STRING_H 1
| #define HAVE_MEMORY_H 1
| #define HAVE_STRINGS_H 1
| #define HAVE_INTTYPES_H 1
| #define HAVE_STDINT_H 1
| #define HAVE_UNISTD_H 1
| #define HAVE_DLFCN_H 1
| #define LT_OBJDIR ".libs/"
| #define HAVE_MEMMEM 1
| #define HAVE_MKSTEMP 1
| #define HAVE_ALLOCA_H 1
| #define HAVE_ALLOCA 1
| #define HAVE_ISATTY 1
| #define HAVE_STRPTIME 1
| #define HAVE_STRFTIME 1
| #define HAVE_TIMEGM 1
| #define HAVE_GMTIME_R 1
| #define HAVE_GMTIME 1
| #define HAVE_GETTIMEOFDAY 1
| #define HAVE_TM_TM_GMT_OFF 1
| #define HAVE_ACOS 1
| #define HAVE_ACOSH 1
| #define HAVE_LIBM 1
| #define HAVE_ASIN 1
| #define HAVE_ASINH 1
| #define HAVE_ATAN 1
| #define HAVE_ATANH 1
| #define HAVE_CBRT 1
| #define HAVE_COS 1
| #define HAVE_COSH 1
| #define HAVE_EXP2 1
| #define HAVE_EXP 1
| #define HAVE_FLOOR 1
| #define HAVE_J0 1
| #define HAVE_J1 1
| #define HAVE_LOG10 1
| #define HAVE_LOG2 1
| #define HAVE_LOG 1
| #define HAVE_SIN 1
| #define HAVE_SINH 1
| #define HAVE_SQRT 1
| #define HAVE_TAN 1
| #define HAVE_TANH 1
| #define HAVE_TGAMMA 1
| #define HAVE_Y0 1
| #define HAVE_Y1 1
| #define HAVE_POW 1
| #define HAVE_ATAN2 1
| #define HAVE_HYPOT 1
| #define HAVE_REMAINDER 1
| #define HAVE___THREAD 1
| /* end confdefs.h.  */
| #ifndef __APPLE_CC__
| 	       not a universal capable compiler
| 	     #endif
| 	     typedef int dummy;
| 
configure:18258: afl-gcc -c -g -O2  conftest.c >&5
configure:18258: $? = 0
configure:18276: afl-gcc -c -g -O2  conftest.c >&5
conftest.c: In function 'main':
conftest.c:73:4: error: unknown type name 'not'
    not big endian
    ^
conftest.c:73:12: error: expected '=', ',', ';', 'asm' or '__attribute__' before 'endian'
    not big endian
            ^
configure:18276: $? = 1
configure: failed program was:
| /* confdefs.h */
| #define PACKAGE_NAME "jq"
| #define PACKAGE_TARNAME "jq"
| #define PACKAGE_VERSION "1.5"
| #define PACKAGE_STRING "jq 1.5"
| #define PACKAGE_BUGREPORT "https://github.com/stedolan/jq/issues"
| #define PACKAGE_URL "https://stedolan.github.io/jq"
| #define PACKAGE "jq"
| #define VERSION "1.5"
| #define STDC_HEADERS 1
| #define HAVE_SYS_TYPES_H 1
| #define HAVE_SYS_STAT_H 1
| #define HAVE_STDLIB_H 1
| #define HAVE_STRING_H 1
| #define HAVE_MEMORY_H 1
| #define HAVE_STRINGS_H 1
| #define HAVE_INTTYPES_H 1
| #define HAVE_STDINT_H 1
| #define HAVE_UNISTD_H 1
| #define HAVE_DLFCN_H 1
| #define LT_OBJDIR ".libs/"
| #define HAVE_MEMMEM 1
| #define HAVE_MKSTEMP 1
| #define HAVE_ALLOCA_H 1
| #define HAVE_ALLOCA 1
| #define HAVE_ISATTY 1
| #define HAVE_STRPTIME 1
| #define HAVE_STRFTIME 1
| #define HAVE_TIMEGM 1
| #define HAVE_GMTIME_R 1
| #define HAVE_GMTIME 1
| #define HAVE_GETTIMEOFDAY 1
| #define HAVE_TM_TM_GMT_OFF 1
| #define HAVE_ACOS 1
| #define HAVE_ACOSH 1
| #define HAVE_LIBM 1
| #define HAVE_ASIN 1
| #define HAVE_ASINH 1
| #define HAVE_ATAN 1
| #define HAVE_ATANH 1
| #define HAVE_CBRT 1
| #define HAVE_COS 1
| #define HAVE_COSH 1
| #define HAVE_EXP2 1
| #define HAVE_EXP 1
| #define HAVE_FLOOR 1
| #define HAVE_J0 1
| #define HAVE_J1 1
| #define HAVE_LOG10 1
| #define HAVE_LOG2 1
| #define HAVE_LOG 1
| #define HAVE_SIN 1
| #define HAVE_SINH 1
| #define HAVE_SQRT 1
| #define HAVE_TAN 1
| #define HAVE_TANH 1
| #define HAVE_TGAMMA 1
| #define HAVE_Y0 1
| #define HAVE_Y1 1
| #define HAVE_POW 1
| #define HAVE_ATAN2 1
| #define HAVE_HYPOT 1
| #define HAVE_REMAINDER 1
| #define HAVE___THREAD 1
| /* end confdefs.h.  */
| #include <sys/types.h>
| 		#include <sys/param.h>
| 
| int
| main ()
| {
| #if BYTE_ORDER != BIG_ENDIAN
| 		 not big endian
| 		#endif
| 
|   ;
|   return 0;
| }
configure:18404: result: no
configure:18575: checking that generated files are newer than configure
configure:18581: result: done
configure:18632: creating ./config.status

## ---------------------- ##
## Running config.status. ##
## ---------------------- ##

This file was extended by jq config.status 1.5, which was
generated by GNU Autoconf 2.69.  Invocation command line was

  CONFIG_FILES    = 
  CONFIG_HEADERS  = 
  CONFIG_LINKS    = 
  CONFIG_COMMANDS = 
  $ ./config.status 

on fda9797ba171

config.status:1073: creating Makefile
config.status:1245: executing depfiles commands
config.status:1245: executing libtool commands

## ---------------- ##
## Cache variables. ##
## ---------------- ##

ac_cv_build=x86_64-unknown-linux-gnu
ac_cv_c_bigendian=no
ac_cv_c_compiler_gnu=yes
ac_cv_env_CC_set=set
ac_cv_env_CC_value=afl-gcc
ac_cv_env_CFLAGS_set=
ac_cv_env_CFLAGS_value=
ac_cv_env_CPPFLAGS_set=
ac_cv_env_CPPFLAGS_value=
ac_cv_env_CPP_set=
ac_cv_env_CPP_value=
ac_cv_env_LDFLAGS_set=
ac_cv_env_LDFLAGS_value=
ac_cv_env_LIBS_set=
ac_cv_env_LIBS_value=
ac_cv_env_YACC_set=
ac_cv_env_YACC_value=
ac_cv_env_YFLAGS_set=
ac_cv_env_YFLAGS_value=
ac_cv_env_build_alias_set=
ac_cv_env_build_alias_value=
ac_cv_env_host_alias_set=
ac_cv_env_host_alias_value=
ac_cv_env_target_alias_set=
ac_cv_env_target_alias_value=
ac_cv_func__isatty=no
ac_cv_func_acos=yes
ac_cv_func_acosh=yes
ac_cv_func_alloca_works=yes
ac_cv_func_asin=yes
ac_cv_func_asinh=yes
ac_cv_func_atan2=yes
ac_cv_func_atan=yes
ac_cv_func_atanh=yes
ac_cv_func_cbrt=yes
ac_cv_func_cos=yes
ac_cv_func_cosh=yes
ac_cv_func_exp2=yes
ac_cv_func_exp=yes
ac_cv_func_floor=yes
ac_cv_func_gettimeofday=yes
ac_cv_func_gmtime=yes
ac_cv_func_gmtime_r=yes
ac_cv_func_hypot=yes
ac_cv_func_isatty=yes
ac_cv_func_j0=yes
ac_cv_func_j1=yes
ac_cv_func_log10=yes
ac_cv_func_log2=yes
ac_cv_func_log=yes
ac_cv_func_memmem=yes
ac_cv_func_mkstemp=yes
ac_cv_func_pow=yes
ac_cv_func_remainder=yes
ac_cv_func_sin=yes
ac_cv_func_sinh=yes
ac_cv_func_sqrt=yes
ac_cv_func_strftime=yes
ac_cv_func_strptime=yes
ac_cv_func_tan=yes
ac_cv_func_tanh=yes
ac_cv_func_tgamma=yes
ac_cv_func_timegm=yes
ac_cv_func_y0=yes
ac_cv_func_y1=yes
ac_cv_funclib__isatty=no
ac_cv_funclib_acos=yes
ac_cv_funclib_acosh=-lm
ac_cv_funclib_asin=yes
ac_cv_funclib_asinh=yes
ac_cv_funclib_atan2=yes
ac_cv_funclib_atan=yes
ac_cv_funclib_atanh=yes
ac_cv_funclib_cbrt=yes
ac_cv_funclib_cos=yes
ac_cv_funclib_cosh=yes
ac_cv_funclib_exp2=yes
ac_cv_funclib_exp=yes
ac_cv_funclib_floor=yes
ac_cv_funclib_gettimeofday=yes
ac_cv_funclib_gmtime=yes
ac_cv_funclib_gmtime_r=yes
ac_cv_funclib_hypot=yes
ac_cv_funclib_isatty=yes
ac_cv_funclib_j0=yes
ac_cv_funclib_j1=yes
ac_cv_funclib_log10=yes
ac_cv_funclib_log2=yes
ac_cv_funclib_log=yes
ac_cv_funclib_pow=yes
ac_cv_funclib_remainder=yes
ac_cv_funclib_sin=yes
ac_cv_funclib_sinh=yes
ac_cv_funclib_sqrt=yes
ac_cv_funclib_strftime=yes
ac_cv_funclib_strptime=yes
ac_cv_funclib_tan=yes
ac_cv_funclib_tanh=yes
ac_cv_funclib_tgamma=yes
ac_cv_funclib_timegm=yes
ac_cv_funclib_y0=yes
ac_cv_funclib_y1=yes
ac_cv_header_dlfcn_h=yes
ac_cv_header_inttypes_h=yes
ac_cv_header_memory_h=yes
ac_cv_header_oniguruma_h=no
ac_cv_header_stdc=yes
ac_cv_header_stdint_h=yes
ac_cv_header_stdlib_h=yes
ac_cv_header_string_h=yes
ac_cv_header_strings_h=yes
ac_cv_header_sys_stat_h=yes
ac_cv_header_sys_types_h=yes
ac_cv_header_unistd_h=yes
ac_cv_host=x86_64-unknown-linux-gnu
ac_cv_lib_m=yes
ac_cv_member_struct_tm___tm_gmtoff=no
ac_cv_member_struct_tm_tm_gmtoff=yes
ac_cv_objext=o
ac_cv_path_EGREP='/bin/grep -E'
ac_cv_path_FGREP='/bin/grep -F'
ac_cv_path_GREP=/bin/grep
ac_cv_path_SED=/bin/sed
ac_cv_path_install='/usr/bin/install -c'
ac_cv_path_mkdir=/bin/mkdir
ac_cv_prog_AWK=mawk
ac_cv_prog_CPP='afl-gcc -E'
ac_cv_prog_YACC='bison -y'
ac_cv_prog_ac_ct_AR=ar
ac_cv_prog_ac_ct_CC=afl-gcc
ac_cv_prog_ac_ct_OBJDUMP=objdump
ac_cv_prog_ac_ct_RANLIB=ranlib
ac_cv_prog_ac_ct_STRIP=strip
ac_cv_prog_cc_c89=
ac_cv_prog_cc_c99=
ac_cv_prog_cc_g=yes
ac_cv_prog_cc_stdc=
ac_cv_prog_make_make_set=yes
ac_cv_type_size_t=yes
ac_cv_working_alloca_h=yes
am_cv_CC_dependencies_compiler_type=gcc3
am_cv_ar_interface=ar
am_cv_make_support_nested_variables=yes
am_cv_prog_cc_c_o=yes
jq_cv_ruby_deps=no
lt_cv_ar_at_file=@
lt_cv_archive_cmds_need_lc=no
lt_cv_deplibs_check_method=pass_all
lt_cv_file_magic_cmd='$MAGIC_CMD'
lt_cv_file_magic_test_file=
lt_cv_ld_reload_flag=-r
lt_cv_nm_interface='BSD nm'
lt_cv_objdir=.libs
lt_cv_path_LD=/usr/bin/ld
lt_cv_path_NM='/usr/bin/nm -B'
lt_cv_path_mainfest_tool=no
lt_cv_prog_compiler_c_o=yes
lt_cv_prog_compiler_pic='-fPIC -DPIC'
lt_cv_prog_compiler_pic_works=yes
lt_cv_prog_compiler_rtti_exceptions=no
lt_cv_prog_compiler_static_works=yes
lt_cv_prog_gnu_ld=yes
lt_cv_sharedlib_from_linklib_cmd='printf %s\n'
lt_cv_shlibpath_overrides_runpath=no
lt_cv_sys_global_symbol_pipe='sed -n -e '\''s/^.*[	 ]\([ABCDGIRSTW][ABCDGIRSTW]*\)[	 ][	 ]*\([_A-Za-z][_A-Za-z0-9]*\)$/\1 \2 \2/p'\'' | sed '\''/ __gnu_lto/d'\'''
lt_cv_sys_global_symbol_to_c_name_address='sed -n -e '\''s/^: \([^ ]*\)[ ]*$/  {\"\1\", (void *) 0},/p'\'' -e '\''s/^[ABCDGIRSTW]* \([^ ]*\) \([^ ]*\)$/  {"\2", (void *) \&\2},/p'\'''
lt_cv_sys_global_symbol_to_c_name_address_lib_prefix='sed -n -e '\''s/^: \([^ ]*\)[ ]*$/  {\"\1\", (void *) 0},/p'\'' -e '\''s/^[ABCDGIRSTW]* \([^ ]*\) \(lib[^ ]*\)$/  {"\2", (void *) \&\2},/p'\'' -e '\''s/^[ABCDGIRSTW]* \([^ ]*\) \([^ ]*\)$/  {"lib\2", (void *) \&\2},/p'\'''
lt_cv_sys_global_symbol_to_cdecl='sed -n -e '\''s/^T .* \(.*\)$/extern int \1();/p'\'' -e '\''s/^[ABCDGIRSTW]* .* \(.*\)$/extern char \1;/p'\'''
lt_cv_sys_max_cmd_len=1572864
lt_cv_to_host_file_cmd=func_convert_file_noop
lt_cv_to_tool_file_cmd=func_convert_file_noop

## ----------------- ##
## Output variables. ##
## ----------------- ##

ACLOCAL='${SHELL} /work/config/missing aclocal-1.14'
ALLOCA=''
AMDEPBACKSLASH='\'
AMDEP_FALSE='#'
AMDEP_TRUE=''
AMTAR='$${TAR-tar}'
AM_BACKSLASH='\'
AM_DEFAULT_V='$(AM_DEFAULT_VERBOSITY)'
AM_DEFAULT_VERBOSITY='0'
AM_V='$(V)'
AR='ar'
AS='as'
AUTOCONF='${SHELL} /work/config/missing autoconf'
AUTOHEADER='${SHELL} /work/config/missing autoheader'
AUTOMAKE='${SHELL} /work/config/missing automake-1.14'
AWK='mawk'
BISON_VERSION=''
BUNDLER=''
CC='afl-gcc'
CCDEPMODE='depmode=gcc3'
CFLAGS='-g -O2'
CPP='afl-gcc -E'
CPPFLAGS=''
CYGPATH_W='echo'
DEFS='-DPACKAGE_NAME=\"jq\" -DPACKAGE_TARNAME=\"jq\" -DPACKAGE_VERSION=\"1.5\" -DPACKAGE_STRING=\"jq\ 1.5\" -DPACKAGE_BUGREPORT=\"https://github.com/stedolan/jq/issues\" -DPACKAGE_URL=\"https://stedolan.github.io/jq\" -DPACKAGE=\"jq\" -DVERSION=\"1.5\" -DSTDC_HEADERS=1 -DHAVE_SYS_TYPES_H=1 -DHAVE_SYS_STAT_H=1 -DHAVE_STDLIB_H=1 -DHAVE_STRING_H=1 -DHAVE_MEMORY_H=1 -DHAVE_STRINGS_H=1 -DHAVE_INTTYPES_H=1 -DHAVE_STDINT_H=1 -DHAVE_UNISTD_H=1 -DHAVE_DLFCN_H=1 -DLT_OBJDIR=\".libs/\" -DHAVE_MEMMEM=1 -DHAVE_MKSTEMP=1 -DHAVE_ALLOCA_H=1 -DHAVE_ALLOCA=1 -DHAVE_ISATTY=1 -DHAVE_STRPTIME=1 -DHAVE_STRFTIME=1 -DHAVE_TIMEGM=1 -DHAVE_GMTIME_R=1 -DHAVE_GMTIME=1 -DHAVE_GETTIMEOFDAY=1 -DHAVE_TM_TM_GMT_OFF=1 -DHAVE_ACOS=1 -DHAVE_ACOSH=1 -DHAVE_LIBM=1 -DHAVE_ASIN=1 -DHAVE_ASINH=1 -DHAVE_ATAN=1 -DHAVE_ATANH=1 -DHAVE_CBRT=1 -DHAVE_COS=1 -DHAVE_COSH=1 -DHAVE_EXP2=1 -DHAVE_EXP=1 -DHAVE_FLOOR=1 -DHAVE_J0=1 -DHAVE_J1=1 -DHAVE_LOG10=1 -DHAVE_LOG2=1 -DHAVE_LOG=1 -DHAVE_SIN=1 -DHAVE_SINH=1 -DHAVE_SQRT=1 -DHAVE_TAN=1 -DHAVE_TANH=1 -DHAVE_TGAMMA=1 -DHAVE_Y0=1 -DHAVE_Y1=1 -DHAVE_POW=1 -DHAVE_ATAN2=1 -DHAVE_HYPOT=1 -DHAVE_REMAINDER=1 -DHAVE___THREAD=1 -DIEEE_8087=1'
DEPDIR='.deps'
DLLTOOL='false'
DSYMUTIL=''
DUMPBIN=''
ECHO_C=''
ECHO_N='-n'
ECHO_T=''
EGREP='/bin/grep -E'
ENABLE_ALL_STATIC_FALSE=''
ENABLE_ALL_STATIC_TRUE='#'
ENABLE_DOCS_FALSE=''
ENABLE_DOCS_TRUE='#'
ENABLE_ERROR_INJECTION_FALSE=''
ENABLE_ERROR_INJECTION_TRUE='#'
ENABLE_GCOV_FALSE=''
ENABLE_GCOV_TRUE='#'
ENABLE_VALGRIND_FALSE='#'
ENABLE_VALGRIND_TRUE=''
EXEEXT=''
FGREP='/bin/grep -F'
GREP='/bin/grep'
INSTALL_DATA='${INSTALL} -m 644'
INSTALL_PROGRAM='${INSTALL}'
INSTALL_SCRIPT='${INSTALL}'
INSTALL_STRIP_PROGRAM='$(install_sh) -c -s'
LD='/usr/bin/ld -m elf_x86_64'
LDFLAGS=''
LEX=''
LEXLIB=''
LEX_OUTPUT_ROOT=''
LIBOBJS=''
LIBS=''
LIBTOOL='$(SHELL) $(top_builddir)/libtool'
LIB__isatty=''
LIB_acos=''
LIB_acosh='-lm'
LIB_asin=''
LIB_asinh=''
LIB_atan2=''
LIB_atan=''
LIB_atanh=''
LIB_atexit=''
LIB_cbrt=''
LIB_cos=''
LIB_cosh=''
LIB_exp2=''
LIB_exp=''
LIB_floor=''
LIB_gettimeofday=''
LIB_gmtime=''
LIB_gmtime_r=''
LIB_hypot=''
LIB_isatty=''
LIB_j0=''
LIB_j1=''
LIB_log10=''
LIB_log2=''
LIB_log=''
LIB_pow=''
LIB_pthread_key_create=''
LIB_pthread_once=''
LIB_remainder=''
LIB_sin=''
LIB_sinh=''
LIB_sqrt=''
LIB_strftime=''
LIB_strptime=''
LIB_tan=''
LIB_tanh=''
LIB_tgamma=''
LIB_timegm=''
LIB_y0=''
LIB_y1=''
LIPO=''
LN_S='ln -s'
LTLIBOBJS=''
MAINT='#'
MAINTAINER_MODE_FALSE=''
MAINTAINER_MODE_TRUE='#'
MAKEINFO='${SHELL} /work/config/missing makeinfo'
MANIFEST_TOOL=':'
MKDIR_P='/bin/mkdir -p'
NM='/usr/bin/nm -B'
NMEDIT=''
OBJDUMP='objdump'
OBJEXT='o'
OTOOL64=''
OTOOL=''
PACKAGE='jq'
PACKAGE_BUGREPORT='https://github.com/stedolan/jq/issues'
PACKAGE_NAME='jq'
PACKAGE_STRING='jq 1.5'
PACKAGE_TARNAME='jq'
PACKAGE_URL='https://stedolan.github.io/jq'
PACKAGE_VERSION='1.5'
PATH_SEPARATOR=':'
RANLIB='ranlib'
SED='/bin/sed'
SET_MAKE=''
SHELL='/bin/bash'
STRIP='strip'
VERSION='1.5'
YACC='bison -y'
YFLAGS=''
ac_ct_AR='ar'
ac_ct_CC='afl-gcc'
ac_ct_DUMPBIN=''
am__EXEEXT_FALSE=''
am__EXEEXT_TRUE='#'
am__fastdepCC_FALSE='#'
am__fastdepCC_TRUE=''
am__include='include'
am__isrc=''
am__leading_dot='.'
am__nodep='_no'
am__quote=''
am__tar='$${TAR-tar} chof - "$$tardir"'
am__untar='$${TAR-tar} xf -'
bindir='${exec_prefix}/bin'
build='x86_64-unknown-linux-gnu'
build_alias=''
build_cpu='x86_64'
build_os='linux-gnu'
build_vendor='unknown'
bundle_cmd=''
datadir='${datarootdir}'
datarootdir='${prefix}/share'
docdir='${datarootdir}/doc/${PACKAGE_TARNAME}'
dvidir='${docdir}'
exec_prefix='${prefix}'
host='x86_64-unknown-linux-gnu'
host_alias=''
host_cpu='x86_64'
host_os='linux-gnu'
host_vendor='unknown'
htmldir='${docdir}'
includedir='${prefix}/include'
infodir='${datarootdir}/info'
install_sh='${SHELL} /work/config/install-sh'
libdir='${exec_prefix}/lib'
libexecdir='${exec_prefix}/libexec'
localedir='${datarootdir}/locale'
localstatedir='${prefix}/var'
mandir='${datarootdir}/man'
mkdir_p='$(MKDIR_P)'
oldincludedir='/usr/include'
pdfdir='${docdir}'
prefix='/usr/local'
program_transform_name='s,x,x,'
psdir='${docdir}'
sbindir='${exec_prefix}/sbin'
sharedstatedir='${prefix}/com'
sysconfdir='${prefix}/etc'
target_alias=''
valgrind_cmd=''

## ----------- ##
## confdefs.h. ##
## ----------- ##

/* confdefs.h */
#define PACKAGE_NAME "jq"
#define PACKAGE_TARNAME "jq"
#define PACKAGE_VERSION "1.5"
#define PACKAGE_STRING "jq 1.5"
#define PACKAGE_BUGREPORT "https://github.com/stedolan/jq/issues"
#define PACKAGE_URL "https://stedolan.github.io/jq"
#define PACKAGE "jq"
#define VERSION "1.5"
#define STDC_HEADERS 1
#define HAVE_SYS_TYPES_H 1
#define HAVE_SYS_STAT_H 1
#define HAVE_STDLIB_H 1
#define HAVE_STRING_H 1
#define HAVE_MEMORY_H 1
#define HAVE_STRINGS_H 1
#define HAVE_INTTYPES_H 1
#define HAVE_STDINT_H 1
#define HAVE_UNISTD_H 1
#define HAVE_DLFCN_H 1
#define LT_OBJDIR ".libs/"
#define HAVE_MEMMEM 1
#define HAVE_MKSTEMP 1
#define HAVE_ALLOCA_H 1
#define HAVE_ALLOCA 1
#define HAVE_ISATTY 1
#define HAVE_STRPTIME 1
#define HAVE_STRFTIME 1
#define HAVE_TIMEGM 1
#define HAVE_GMTIME_R 1
#define HAVE_GMTIME 1
#define HAVE_GETTIMEOFDAY 1
#define HAVE_TM_TM_GMT_OFF 1
#define HAVE_ACOS 1
#define HAVE_ACOSH 1
#define HAVE_LIBM 1
#define HAVE_ASIN 1
#define HAVE_ASINH 1
#define HAVE_ATAN 1
#define HAVE_ATANH 1
#define HAVE_CBRT 1
#define HAVE_COS 1
#define HAVE_COSH 1
#define HAVE_EXP2 1
#define HAVE_EXP 1
#define HAVE_FLOOR 1
#define HAVE_J0 1
#define HAVE_J1 1
#define HAVE_LOG10 1
#define HAVE_LOG2 1
#define HAVE_LOG 1
#define HAVE_SIN 1
#define HAVE_SINH 1
#define HAVE_SQRT 1
#define HAVE_TAN 1
#define HAVE_TANH 1
#define HAVE_TGAMMA 1
#define HAVE_Y0 1
#define HAVE_Y1 1
#define HAVE_POW 1
#define HAVE_ATAN2 1
#define HAVE_HYPOT 1
#define HAVE_REMAINDER 1
#define HAVE___THREAD 1
#define IEEE_8087 1

configure: exit 0
